<?xml version="1.0" encoding="UTF-8" standalone="yes"?>
<ns2:test-suite start="1455629768463" stop="1455629781211" version="1.4.16" xmlns:ns2="urn:model.allure.qatools.yandex.ru">
    <name>Default Suite : petitiontest</name>
    <title>Default Suite : petitiontest</title>
    <test-cases>
        <test-case start="1455629768585" stop="1455629780045" status="failed">
            <name>checkmetallicapetition[Metallica,Запросити в Україну легендарну рок-групу Metallica]</name>
            <title>petition search test</title>
            <description type="text">check if text is present on the page</description>
            <failure>
                <message>AssertionError: expected [true] but found [false]</message>
                <stack-trace>java.lang.AssertionError: expected [true] but found [false]
	at org.testng.Assert.fail(Assert.java:94)
	at org.testng.Assert.failNotEquals(Assert.java:496)
	at org.testng.Assert.assertEquals(Assert.java:125)
	at org.testng.Assert.assertEquals(Assert.java:288)
	at org.testng.Assert.assertEquals(Assert.java:298)
	at com.softserve.test.pt.tests.PetitionSearchTest.checkmetallicapetition(PetitionSearchTest.java:51)
	at sun.reflect.NativeMethodAccessorImpl.invoke0(Native Method)
	at sun.reflect.NativeMethodAccessorImpl.invoke(NativeMethodAccessorImpl.java:62)
	at sun.reflect.DelegatingMethodAccessorImpl.invoke(DelegatingMethodAccessorImpl.java:43)
	at java.lang.reflect.Method.invoke(Method.java:497)
	at org.testng.internal.MethodInvocationHelper.invokeMethod(MethodInvocationHelper.java:85)
	at org.testng.internal.Invoker.invokeMethod(Invoker.java:639)
	at org.testng.internal.Invoker.invokeTestMethod(Invoker.java:816)
	at org.testng.internal.Invoker.invokeTestMethods(Invoker.java:1124)
	at org.testng.internal.TestMethodWorker.invokeTestMethods(TestMethodWorker.java:125)
	at org.testng.internal.TestMethodWorker.run(TestMethodWorker.java:108)
	at org.testng.TestRunner.privateRun(TestRunner.java:774)
	at org.testng.TestRunner.run(TestRunner.java:624)
	at org.testng.SuiteRunner.runTest(SuiteRunner.java:359)
	at org.testng.SuiteRunner.runSequentially(SuiteRunner.java:354)
	at org.testng.SuiteRunner.privateRun(SuiteRunner.java:312)
	at org.testng.SuiteRunner.run(SuiteRunner.java:261)
	at org.testng.SuiteRunnerWorker.runSuite(SuiteRunnerWorker.java:52)
	at org.testng.SuiteRunnerWorker.run(SuiteRunnerWorker.java:86)
	at org.testng.TestNG.runSuitesSequentially(TestNG.java:1215)
	at org.testng.TestNG.runSuitesLocally(TestNG.java:1140)
	at org.testng.TestNG.run(TestNG.java:1048)
	at org.testng.IDEARemoteTestNG.run(IDEARemoteTestNG.java:72)
	at org.testng.RemoteTestNGStarter.main(RemoteTestNGStarter.java:122)
	at sun.reflect.NativeMethodAccessorImpl.invoke0(Native Method)
	at sun.reflect.NativeMethodAccessorImpl.invoke(NativeMethodAccessorImpl.java:62)
	at sun.reflect.DelegatingMethodAccessorImpl.invoke(DelegatingMethodAccessorImpl.java:43)
	at java.lang.reflect.Method.invoke(Method.java:497)
	at com.intellij.rt.execution.application.AppMain.main(AppMain.java:144)
</stack-trace>
            </failure>
            <steps>
                <step start="1455629777536" stop="1455629780016" status="passed">
                    <name>search[Metallica]</name>
                    <title>find petitions by search field</title>
                </step>
            </steps>
            <attachments/>
            <labels>
                <label name="host" value="sultan"/>
                <label name="thread" value="7992@sultan.main(1)"/>
            </labels>
        </test-case>
        <test-case start="1455629780046" stop="1455629781196" status="passed">
            <name>checkmetallicapetition[Міністр,Вибори прем'єр-міністра за відкритим конкурсом]</name>
            <title>petition search test</title>
            <description type="text">check if text is present on the page</description>
            <steps>
                <step start="1455629780515" stop="1455629781181" status="passed">
                    <name>search[Міністр]</name>
                    <title>find petitions by search field</title>
                    <attachments/>
                    <steps/>
                </step>
            </steps>
            <attachments/>
            <labels>
                <label name="host" value="sultan"/>
                <label name="thread" value="7992@sultan.main(1)"/>
            </labels>
        </test-case>
    </test-cases>
    <labels>
        <label name="framework" value="TestNG"/>
        <label name="language" value="JAVA"/>
    </labels>
</ns2:test-suite>
