{
  "uid" : "5741fb8ba8d300c9",
  "name" : "test1",
  "title" : "petition metallica test",
  "time" : {
    "start" : 1455285247994,
    "stop" : 1455285260286,
    "duration" : 12292
  },
  "summary" : {
    "attachments" : 1,
    "steps" : 1
  },
  "failure" : {
    "message" : "AssertionError: The following asserts failed:\n\texpected [true] but found [false]",
    "stackTrace" : "java.lang.AssertionError: The following asserts failed:\n\texpected [true] but found [false]\n\tat org.testng.asserts.SoftAssert.assertAll(SoftAssert.java:43)\n\tat com.softserve.test.pt.tests.PetitionSearchTest.test1(PetitionSearchTest.java:64)\n\tat sun.reflect.NativeMethodAccessorImpl.invoke0(Native Method)\n\tat sun.reflect.NativeMethodAccessorImpl.invoke(NativeMethodAccessorImpl.java:62)\n\tat sun.reflect.DelegatingMethodAccessorImpl.invoke(DelegatingMethodAccessorImpl.java:43)\n\tat java.lang.reflect.Method.invoke(Method.java:497)\n\tat org.testng.internal.MethodInvocationHelper.invokeMethod(MethodInvocationHelper.java:85)\n\tat org.testng.internal.Invoker.invokeMethod(Invoker.java:639)\n\tat org.testng.internal.Invoker.invokeTestMethod(Invoker.java:816)\n\tat org.testng.internal.Invoker.invokeTestMethods(Invoker.java:1124)\n\tat org.testng.internal.TestMethodWorker.invokeTestMethods(TestMethodWorker.java:125)\n\tat org.testng.internal.TestMethodWorker.run(TestMethodWorker.java:108)\n\tat org.testng.TestRunner.privateRun(TestRunner.java:774)\n\tat org.testng.TestRunner.run(TestRunner.java:624)\n\tat org.testng.SuiteRunner.runTest(SuiteRunner.java:359)\n\tat org.testng.SuiteRunner.runSequentially(SuiteRunner.java:354)\n\tat org.testng.SuiteRunner.privateRun(SuiteRunner.java:312)\n\tat org.testng.SuiteRunner.run(SuiteRunner.java:261)\n\tat org.testng.SuiteRunnerWorker.runSuite(SuiteRunnerWorker.java:52)\n\tat org.testng.SuiteRunnerWorker.run(SuiteRunnerWorker.java:86)\n\tat org.testng.TestNG.runSuitesSequentially(TestNG.java:1215)\n\tat org.testng.TestNG.runSuitesLocally(TestNG.java:1140)\n\tat org.testng.TestNG.run(TestNG.java:1048)\n\tat org.apache.maven.surefire.testng.TestNGExecutor.run(TestNGExecutor.java:295)\n\tat org.apache.maven.surefire.testng.TestNGXmlTestSuite.execute(TestNGXmlTestSuite.java:84)\n\tat org.apache.maven.surefire.testng.TestNGProvider.invoke(TestNGProvider.java:90)\n\tat org.apache.maven.surefire.booter.ForkedBooter.invokeProviderInSameClassLoader(ForkedBooter.java:203)\n\tat org.apache.maven.surefire.booter.ForkedBooter.runSuitesInProcess(ForkedBooter.java:155)\n\tat org.apache.maven.surefire.booter.ForkedBooter.main(ForkedBooter.java:103)\n"
  },
  "description" : {
    "value" : "check if 'Metallica' text is present on the page",
    "type" : "TEXT"
  },
  "severity" : "NORMAL",
  "status" : "FAILED",
  "testId" : null,
  "suite" : {
    "uid" : "2900103b88265292",
    "name" : "Suite1 : Test1",
    "title" : "Suite1 : Test1"
  },
  "steps" : [ {
    "name" : "test1",
    "title" : "assert step",
    "time" : {
      "start" : 1455285248136,
      "stop" : 1455285260058,
      "duration" : 11922
    },
    "summary" : {
      "attachments" : 0,
      "steps" : 0
    },
    "status" : "FAILED",
    "attachments" : [ ],
    "steps" : [ ]
  } ],
  "attachments" : [ {
    "title" : "Time: 12-12-1993 09:25:23 Test: test1",
    "source" : "fbb39968-2523-476c-8ac6-becdcc4de75c-attachment.png",
    "type" : "image/png",
    "size" : 46892,
    "uid" : "d636ab7bcc77d1e"
  } ],
  "issues" : [ ],
  "labels" : [ {
    "name" : "host",
    "value" : "sultan"
  }, {
    "name" : "thread",
    "value" : "900@sultan.main(1)"
  }, {
    "name" : "suite-name",
    "value" : "Suite1 : Test1"
  }, {
    "name" : "suite-title",
    "value" : "Suite1 : Test1"
  }, {
    "name" : "framework",
    "value" : "TestNG"
  }, {
    "name" : "language",
    "value" : "JAVA"
  } ],
  "parameters" : [ ]
}